2024-11-14 17:51:49.971 [info] [main] Log level: Info
2024-11-14 17:51:49.971 [info] [main] Validating found git in: "git"
2024-11-14 17:51:49.971 [info] [main] Using git "2.47.0" from "git"
2024-11-14 17:51:49.971 [info] [Model][doInitialScan] Initial repository scan started
2024-11-14 17:51:49.971 [info] > git rev-parse --show-toplevel [4ms]
2024-11-14 17:51:49.971 [info] > git rev-parse --git-dir --git-common-dir [8ms]
2024-11-14 17:51:49.971 [info] [Model][openRepository] Opened repository: /home/r3z/.dotfiles
2024-11-14 17:51:49.973 [info] > git rev-parse --show-toplevel [16ms]
2024-11-14 17:51:49.973 [info] > git config --get commit.template [23ms]
2024-11-14 17:51:49.994 [info] > git rev-parse --show-toplevel [12ms]
2024-11-14 17:51:50.002 [info] > git for-each-ref --format=%(refname)%00%(upstream:short)%00%(objectname)%00%(upstream:track)%00%(upstream:remotename)%00%(upstream:remoteref) refs/heads/main refs/remotes/main [10ms]
2024-11-14 17:51:50.007 [info] > git rev-parse --show-toplevel [5ms]
2024-11-14 17:51:50.028 [info] > git status -z -uall [7ms]
2024-11-14 17:51:50.029 [info] > git rev-parse --show-toplevel [15ms]
2024-11-14 17:51:50.031 [info] [Model][doInitialScan] Initial repository scan completed - repositories (1), closed repositories (0), parent repositories (0), unsafe repositories (0)
2024-11-14 17:51:50.032 [info] > git for-each-ref --sort -committerdate --format %(refname) %(objectname) %(*objectname) [5ms]
2024-11-14 17:51:50.060 [info] > git for-each-ref --format=%(refname)%00%(upstream:short)%00%(objectname)%00%(upstream:track)%00%(upstream:remotename)%00%(upstream:remoteref) refs/heads/main refs/remotes/main [18ms]
2024-11-14 17:51:50.070 [info] > git config --local branch.main.vscode-merge-base [2ms]
2024-11-14 17:51:50.076 [info] > git config --get commit.template [17ms]
2024-11-14 17:51:50.106 [info] > git for-each-ref --format=%(refname)%00%(upstream:short)%00%(objectname)%00%(upstream:track)%00%(upstream:remotename)%00%(upstream:remoteref) refs/heads/origin/main refs/remotes/origin/main [30ms]
2024-11-14 17:51:50.129 [info] > git merge-base refs/heads/main refs/remotes/origin/main [15ms]
2024-11-14 17:51:50.137 [info] > git for-each-ref --format=%(refname)%00%(upstream:short)%00%(objectname)%00%(upstream:track)%00%(upstream:remotename)%00%(upstream:remoteref) refs/heads/main refs/remotes/main [31ms]
2024-11-14 17:51:50.139 [info] > git diff --name-status -z --diff-filter=ADMR d95d2f1c301dbcd60ce6297e395e3216e8b8b769...refs/remotes/origin/main [2ms]
2024-11-14 17:51:50.155 [info] > git status -z -uall [9ms]
2024-11-14 17:51:50.156 [info] > git for-each-ref --sort -committerdate --format %(refname) %(objectname) %(*objectname) [2ms]
2024-11-14 17:51:50.271 [info] > git show --textconv :users/apps/burpsuite/burp.nix [7ms]
2024-11-14 17:51:50.273 [info] > git ls-files --stage -- /home/r3z/.dotfiles/users/apps/burpsuite/burp.nix [2ms]
2024-11-14 17:51:50.280 [info] > git cat-file -s 5cc0f2e77a962844d30fdaacab63a952d7399a3a [1ms]
2024-11-14 17:51:50.486 [info] > git check-ignore -v -z --stdin [1ms]
2024-11-14 17:51:58.042 [info] > git check-ignore -v -z --stdin [1ms]
2024-11-14 17:52:03.713 [info] > git check-ignore -v -z --stdin [2ms]
2024-11-14 17:52:12.669 [info] > git show --textconv :configuration.nix [6ms]
2024-11-14 17:52:12.670 [info] > git ls-files --stage -- /home/r3z/.dotfiles/configuration.nix [1ms]
2024-11-14 17:52:12.676 [info] > git cat-file -s 180209774edfcbf26e8225393444f110e12979ea [1ms]
2024-11-14 17:52:38.499 [info] > git show --textconv :users/apps/burpsuite/burp.nix [8ms]
2024-11-14 17:52:38.499 [info] > git ls-files --stage -- /home/r3z/.dotfiles/users/apps/burpsuite/burp.nix [1ms]
2024-11-14 17:52:38.506 [info] > git cat-file -s 5cc0f2e77a962844d30fdaacab63a952d7399a3a [1ms]
2024-11-14 17:52:39.338 [info] > git config --get commit.template [7ms]
2024-11-14 17:52:39.339 [info] > git for-each-ref --format=%(refname)%00%(upstream:short)%00%(objectname)%00%(upstream:track)%00%(upstream:remotename)%00%(upstream:remoteref) refs/heads/main refs/remotes/main [2ms]
2024-11-14 17:52:39.350 [info] > git status -z -uall [6ms]
2024-11-14 17:52:39.351 [info] > git for-each-ref --sort -committerdate --format %(refname) %(objectname) %(*objectname) [1ms]
