2024-11-14 17:38:31.106 [info] Started local extension host with pid 19553.
2024-11-14 17:38:31.493 [info] Settings Sync: Updating authentication providers. Authentication Providers from store: [{"id":"github","scopes":["user:email"]},{"id":"microsoft","scopes":["openid","profile","email","offline_access"]}]
2024-11-14 17:38:31.494 [info] Settings Sync: Authentication providers updated []
2024-11-14 17:38:31.742 [info] Settings Sync: Updating authentication providers. Authentication Providers from store: [{"id":"github","scopes":["user:email"]},{"id":"microsoft","scopes":["openid","profile","email","offline_access"]}]
2024-11-14 17:38:31.743 [info] Settings Sync: Authentication providers updated ["github"]
2024-11-14 17:38:31.743 [info] Settings Sync: Updating authentication providers. Authentication Providers from store: [{"id":"github","scopes":["user:email"]},{"id":"microsoft","scopes":["openid","profile","email","offline_access"]}]
2024-11-14 17:38:31.743 [info] Settings Sync: Authentication providers updated ["github"]
2024-11-14 17:38:31.743 [info] Settings Sync: Updating due to declared authentication providers changed
2024-11-14 17:38:31.743 [info] Settings Sync: Updating authentication providers. Authentication Providers from store: [{"id":"github","scopes":["user:email"]},{"id":"microsoft","scopes":["openid","profile","email","offline_access"]}]
2024-11-14 17:38:31.743 [info] Settings Sync: Authentication providers updated ["github"]
2024-11-14 17:38:31.744 [info] Settings Sync: Updating authentication providers. Authentication Providers from store: [{"id":"github","scopes":["user:email"]},{"id":"microsoft","scopes":["openid","profile","email","offline_access"]}]
2024-11-14 17:38:31.744 [info] Settings Sync: Authentication providers updated ["github","microsoft"]
2024-11-14 17:38:31.744 [info] Settings Sync: Updating authentication providers. Authentication Providers from store: [{"id":"github","scopes":["user:email"]},{"id":"microsoft","scopes":["openid","profile","email","offline_access"]}]
2024-11-14 17:38:31.744 [info] Settings Sync: Authentication providers updated ["github","microsoft"]
2024-11-14 17:38:31.744 [info] Settings Sync: Updating due to declared authentication providers changed
2024-11-14 17:38:31.744 [info] Settings Sync: Updating authentication providers. Authentication Providers from store: [{"id":"github","scopes":["user:email"]},{"id":"microsoft","scopes":["openid","profile","email","offline_access"]}]
2024-11-14 17:38:31.745 [info] Settings Sync: Authentication providers updated ["github","microsoft"]
2024-11-14 17:38:32.827 [error] ENOENT: no such file or directory, open '/home/r3z/.config/Code/User/globalStorage/vscodevim.vim/.registers': Error: ENOENT: no such file or directory, open '/home/r3z/.config/Code/User/globalStorage/vscodevim.vim/.registers'
2024-11-14 17:38:34.003 [info] [perf] Render performance baseline is 19ms
2024-11-14 17:38:34.127 [info] Settings Sync: Updating authentication providers. Authentication Providers from store: [{"id":"github","scopes":["user:email"]},{"id":"microsoft","scopes":["openid","profile","email","offline_access"]}]
2024-11-14 17:38:34.127 [info] Settings Sync: Authentication providers updated ["github","microsoft"]
