2024-11-14 17:42:24.685 [info] [main] Log level: Info
2024-11-14 17:42:24.685 [info] [main] Validating found git in: "git"
2024-11-14 17:42:24.685 [info] [main] Using git "2.47.0" from "git"
2024-11-14 17:42:24.685 [info] [Model][doInitialScan] Initial repository scan started
2024-11-14 17:42:24.685 [info] > git rev-parse --show-toplevel [4ms]
2024-11-14 17:42:24.685 [info] > git rev-parse --git-dir --git-common-dir [6ms]
2024-11-14 17:42:24.685 [info] [Model][openRepository] Opened repository: /home/r3z/.dotfiles
2024-11-14 17:42:24.717 [info] > git rev-parse --show-toplevel [18ms]
2024-11-14 17:42:24.718 [info] > git config --get commit.template [25ms]
2024-11-14 17:42:24.737 [info] > git rev-parse --show-toplevel [11ms]
2024-11-14 17:42:24.746 [info] > git for-each-ref --format=%(refname)%00%(upstream:short)%00%(objectname)%00%(upstream:track)%00%(upstream:remotename)%00%(upstream:remoteref) refs/heads/main refs/remotes/main [10ms]
2024-11-14 17:42:24.748 [info] > git rev-parse --show-toplevel [2ms]
2024-11-14 17:42:24.774 [info] > git status -z -uall [8ms]
2024-11-14 17:42:24.774 [info] > git rev-parse --show-toplevel [14ms]
2024-11-14 17:42:24.781 [info] > git for-each-ref --sort -committerdate --format %(refname) %(objectname) %(*objectname) [8ms]
2024-11-14 17:42:24.801 [info] > git for-each-ref --format=%(refname)%00%(upstream:short)%00%(objectname)%00%(upstream:track)%00%(upstream:remotename)%00%(upstream:remoteref) refs/heads/main refs/remotes/main [9ms]
2024-11-14 17:42:24.808 [info] > git rev-parse --show-toplevel [28ms]
2024-11-14 17:42:24.811 [info] [Model][doInitialScan] Initial repository scan completed - repositories (1), closed repositories (0), parent repositories (0), unsafe repositories (0)
2024-11-14 17:42:24.813 [info] > git config --local branch.main.vscode-merge-base [4ms]
2024-11-14 17:42:24.813 [warning] [Git][config] git config failed: Failed to execute git
2024-11-14 17:42:24.820 [info] > git config --get commit.template [20ms]
2024-11-14 17:42:24.849 [info] > git reflog main --grep-reflog=branch: Created from *. [29ms]
2024-11-14 17:42:24.868 [info] > git symbolic-ref --short refs/remotes/origin/HEAD [13ms]
2024-11-14 17:42:24.868 [info] fatal: ref refs/remotes/origin/HEAD is not a symbolic ref
2024-11-14 17:42:24.868 [warning] [Repository][getDefaultBranch] Failed to get default branch details: Failed to execute git.
2024-11-14 17:42:24.882 [info] > git for-each-ref --format=%(refname)%00%(upstream:short)%00%(objectname)%00%(upstream:track)%00%(upstream:remotename)%00%(upstream:remoteref) refs/heads/main refs/remotes/main [33ms]
2024-11-14 17:42:24.883 [info] > git merge-base refs/heads/main refs/remotes/origin/main [7ms]
2024-11-14 17:42:24.904 [info] > git status -z -uall [9ms]
2024-11-14 17:42:24.904 [info] > git for-each-ref --sort -committerdate --format %(refname) %(objectname) %(*objectname) [3ms]
2024-11-14 17:42:24.912 [info] > git diff --name-status -z --diff-filter=ADMR d461305bd005bb01814f3ddde8856b381c8d313e...refs/remotes/origin/main [23ms]
2024-11-14 17:42:24.913 [info] > git merge-base refs/heads/main refs/remotes/origin/main [1ms]
2024-11-14 17:42:24.920 [info] > git diff --name-status -z --diff-filter=ADMR d461305bd005bb01814f3ddde8856b381c8d313e...refs/remotes/origin/main [1ms]
2024-11-14 17:42:25.021 [info] > git show --textconv :home/vscode.nix [8ms]
2024-11-14 17:42:25.022 [info] > git ls-files --stage -- /home/r3z/.dotfiles/home/vscode.nix [2ms]
2024-11-14 17:42:25.030 [info] > git cat-file -s 2da9db6ee6710157dd843aa925d576f6d2bc8da2 [1ms]
2024-11-14 17:42:25.249 [info] > git check-ignore -v -z --stdin [1ms]
2024-11-14 17:42:32.531 [info] [main] Log level: Info
2024-11-14 17:42:32.531 [info] [main] Validating found git in: "git"
2024-11-14 17:42:32.531 [info] [main] Using git "2.47.0" from "git"
2024-11-14 17:42:32.531 [info] [Model][doInitialScan] Initial repository scan started
2024-11-14 17:42:32.531 [info] > git rev-parse --show-toplevel [4ms]
2024-11-14 17:42:32.640 [info] > git rev-parse --git-dir --git-common-dir [101ms]
2024-11-14 17:42:32.646 [info] [Model][openRepository] Opened repository: /home/r3z/.dotfiles
2024-11-14 17:42:32.688 [info] > git rev-parse --show-toplevel [5ms]
2024-11-14 17:42:32.688 [info] > git config --get commit.template [12ms]
2024-11-14 17:42:32.717 [info] > git rev-parse --show-toplevel [22ms]
2024-11-14 17:42:32.724 [info] > git for-each-ref --format=%(refname)%00%(upstream:short)%00%(objectname)%00%(upstream:track)%00%(upstream:remotename)%00%(upstream:remoteref) refs/heads/main refs/remotes/main [20ms]
2024-11-14 17:42:32.726 [info] > git rev-parse --show-toplevel [2ms]
2024-11-14 17:42:32.753 [info] > git status -z -uall [8ms]
2024-11-14 17:42:32.753 [info] > git rev-parse --show-toplevel [21ms]
2024-11-14 17:42:32.761 [info] > git for-each-ref --sort -committerdate --format %(refname) %(objectname) %(*objectname) [9ms]
2024-11-14 17:42:32.781 [info] > git for-each-ref --format=%(refname)%00%(upstream:short)%00%(objectname)%00%(upstream:track)%00%(upstream:remotename)%00%(upstream:remoteref) refs/heads/main refs/remotes/main [10ms]
2024-11-14 17:42:32.787 [info] > git rev-parse --show-toplevel [27ms]
2024-11-14 17:42:32.789 [info] [Model][doInitialScan] Initial repository scan completed - repositories (1), closed repositories (0), parent repositories (0), unsafe repositories (0)
2024-11-14 17:42:32.797 [info] > git ls-files --stage -- /home/r3z/.dotfiles/home/vscode.nix [2ms]
2024-11-14 17:42:32.803 [info] > git config --local branch.main.vscode-merge-base [16ms]
2024-11-14 17:42:32.803 [warning] [Git][config] git config failed: Failed to execute git
2024-11-14 17:42:32.809 [info] > git config --get commit.template [29ms]
2024-11-14 17:42:32.810 [info] > git cat-file -s 2da9db6ee6710157dd843aa925d576f6d2bc8da2 [8ms]
2024-11-14 17:42:32.824 [info] > git for-each-ref --format=%(refname)%00%(upstream:short)%00%(objectname)%00%(upstream:track)%00%(upstream:remotename)%00%(upstream:remoteref) refs/heads/main refs/remotes/main [7ms]
2024-11-14 17:42:32.824 [info] > git reflog main --grep-reflog=branch: Created from *. [15ms]
2024-11-14 17:42:32.830 [info] > git show --textconv :home/vscode.nix [7ms]
2024-11-14 17:42:32.830 [info] > git symbolic-ref --short refs/remotes/origin/HEAD [1ms]
2024-11-14 17:42:32.830 [info] fatal: ref refs/remotes/origin/HEAD is not a symbolic ref
2024-11-14 17:42:32.830 [warning] [Repository][getDefaultBranch] Failed to get default branch details: Failed to execute git.
2024-11-14 17:42:32.842 [info] > git merge-base refs/heads/main refs/remotes/origin/main [6ms]
2024-11-14 17:42:32.863 [info] > git status -z -uall [7ms]
2024-11-14 17:42:32.863 [info] > git for-each-ref --sort -committerdate --format %(refname) %(objectname) %(*objectname) [2ms]
2024-11-14 17:42:32.872 [info] > git diff --name-status -z --diff-filter=ADMR d461305bd005bb01814f3ddde8856b381c8d313e...refs/remotes/origin/main [23ms]
2024-11-14 17:42:32.873 [info] > git merge-base refs/heads/main refs/remotes/origin/main [2ms]
2024-11-14 17:42:32.880 [info] > git diff --name-status -z --diff-filter=ADMR d461305bd005bb01814f3ddde8856b381c8d313e...refs/remotes/origin/main [1ms]
2024-11-14 17:42:33.198 [info] > git check-ignore -v -z --stdin [2ms]
2024-11-14 17:42:54.994 [info] > git show --textconv :home/vscode.nix [6ms]
2024-11-14 17:42:54.995 [info] > git ls-files --stage -- /home/r3z/.dotfiles/home/vscode.nix [1ms]
2024-11-14 17:42:55.002 [info] > git cat-file -s 2da9db6ee6710157dd843aa925d576f6d2bc8da2 [1ms]
