2024-11-14 17:42:23.735 [info] Added views:outline in workbench.view.explorer
2024-11-14 17:42:23.735 [info] Added views:workbench.view.search in workbench.view.search
2024-11-14 17:42:23.735 [info] Added views:workbench.scm in workbench.view.scm
2024-11-14 17:42:23.735 [info] Added views:workbench.panel.markers.view in workbench.panel.markers
2024-11-14 17:42:23.735 [info] Added views:workbench.panel.output in workbench.panel.output
2024-11-14 17:42:23.735 [info] Added views:terminal in terminal
2024-11-14 17:42:23.735 [info] Added views:timeline in workbench.view.explorer
2024-11-14 17:42:23.735 [info] Added views:workbench.explorer.fileView in workbench.view.explorer
2024-11-14 17:42:23.868 [info] Added views:workbench.debug.welcome in workbench.view.debug
2024-11-14 17:42:24.282 [info] Added views:workbench.panel.repl.view in workbench.panel.repl
2024-11-14 17:42:24.556 [info] Added views:~remote.forwardedPorts in ~remote.forwardedPortsContainer
2024-11-14 17:42:24.706 [info] Added views:workbench.scm.history in workbench.view.scm
2024-11-14 17:42:29.527 [info] Added views:workbench.views.extensions.installed,workbench.views.extensions.popular,extensions.recommendedList in workbench.view.extensions
2024-11-14 17:42:29.529 [info] Removed views:workbench.views.extensions.popular from workbench.view.extensions
2024-11-14 17:42:31.978 [info] Removed views:workbench.scm.history from workbench.view.scm
2024-11-14 17:42:32.126 [info] Removed views:workbench.panel.repl.view from workbench.panel.repl
2024-11-14 17:42:32.334 [info] Added views:workbench.panel.repl.view in workbench.panel.repl
2024-11-14 17:42:32.644 [info] Added views:workbench.scm.history in workbench.view.scm
2024-11-14 17:42:38.574 [info] Removed views:extensions.recommendedList,workbench.views.extensions.installed from workbench.view.extensions
2024-11-14 17:42:38.579 [info] Added views:workbench.views.extensions.marketplace in workbench.view.extensions
2024-11-14 17:42:48.917 [info] Removed views:workbench.views.extensions.marketplace from workbench.view.extensions
2024-11-14 17:42:48.924 [info] Added views:workbench.views.extensions.installed,extensions.recommendedList in workbench.view.extensions
2024-11-14 17:42:50.082 [info] Removed views:extensions.recommendedList,workbench.views.extensions.installed from workbench.view.extensions
2024-11-14 17:42:50.088 [info] Added views:workbench.views.extensions.marketplace in workbench.view.extensions
2024-11-14 17:42:50.428 [info] Removed views:workbench.views.extensions.marketplace from workbench.view.extensions
2024-11-14 17:42:50.435 [info] Added views:workbench.views.extensions.installed,extensions.recommendedList in workbench.view.extensions
2024-11-14 17:42:58.277 [info] Removed views:workbench.scm.history from workbench.view.scm
