2024-11-14 19:25:27.602 [info] Reading sessions from keychain...
2024-11-14 19:25:27.602 [info] Getting sessions for all scopes...
2024-11-14 19:25:27.602 [info] Getting sessions for all scopes...
2024-11-14 19:25:27.602 [info] Getting sessions for all scopes...
2024-11-14 19:25:27.602 [info] Got 0 sessions for ...
2024-11-14 19:25:27.602 [info] Got 0 sessions for ...
2024-11-14 19:25:27.602 [info] Got 0 sessions for ...
2024-11-14 19:25:27.602 [info] Getting sessions for read:user,repo,user:email,workflow...
2024-11-14 19:25:27.602 [info] Got 0 sessions for read:user,repo,user:email,workflow...
2024-11-14 19:25:28.922 [info] Getting sessions for all scopes...
2024-11-14 19:25:28.922 [info] Got 0 sessions for ...
2024-11-14 19:26:20.885 [info] Reading sessions from keychain...
2024-11-14 19:26:20.885 [info] Getting sessions for all scopes...
2024-11-14 19:26:20.885 [info] Got 0 sessions for ...
2024-11-14 19:26:20.885 [info] Getting sessions for all scopes...
2024-11-14 19:26:20.885 [info] Got 0 sessions for ...
2024-11-14 19:26:20.886 [info] Getting sessions for all scopes...
2024-11-14 19:26:20.886 [info] Got 0 sessions for ...
2024-11-14 19:26:21.091 [info] Getting sessions for read:user,repo,user:email,workflow...
2024-11-14 19:26:21.091 [info] Got 0 sessions for read:user,repo,user:email,workflow...
