2024-11-14 17:46:22.869 [info] [main] Log level: Info
2024-11-14 17:46:22.869 [info] [main] Validating found git in: "git"
2024-11-14 17:46:22.869 [info] [main] Using git "2.47.0" from "git"
2024-11-14 17:46:22.869 [info] [Model][doInitialScan] Initial repository scan started
2024-11-14 17:46:22.869 [info] > git rev-parse --show-toplevel [3ms]
2024-11-14 17:46:22.869 [info] > git rev-parse --git-dir --git-common-dir [3ms]
2024-11-14 17:46:22.869 [info] [Model][openRepository] Opened repository: /home/r3z/.dotfiles
2024-11-14 17:46:22.869 [info] > git rev-parse --show-toplevel [2ms]
2024-11-14 17:46:22.869 [info] > git config --get commit.template [10ms]
2024-11-14 17:46:22.869 [info] > git rev-parse --show-toplevel [48ms]
2024-11-14 17:46:22.893 [info] > git for-each-ref --format=%(refname)%00%(upstream:short)%00%(objectname)%00%(upstream:track)%00%(upstream:remotename)%00%(upstream:remoteref) refs/heads/main refs/remotes/main [25ms]
2024-11-14 17:46:22.911 [warning] [Git][revParse] Unable to read file: ENOENT: no such file or directory, open '/home/r3z/.dotfiles/.git/refs/remotes/origin/main'
2024-11-14 17:46:22.912 [info] > git rev-parse --show-toplevel [22ms]
2024-11-14 17:46:22.914 [info] [Model][doInitialScan] Initial repository scan completed - repositories (1), closed repositories (0), parent repositories (0), unsafe repositories (0)
2024-11-14 17:46:22.918 [info] > git rev-parse refs/remotes/origin/main [7ms]
2024-11-14 17:46:22.934 [info] > git status -z -uall [9ms]
2024-11-14 17:46:22.936 [info] > git for-each-ref --sort -committerdate --format %(refname) %(objectname) %(*objectname) [4ms]
2024-11-14 17:46:22.957 [info] > git for-each-ref --format=%(refname)%00%(upstream:short)%00%(objectname)%00%(upstream:track)%00%(upstream:remotename)%00%(upstream:remoteref) refs/heads/main refs/remotes/main [10ms]
2024-11-14 17:46:22.967 [info] > git config --get commit.template [10ms]
2024-11-14 17:46:22.968 [info] > git config --local branch.main.vscode-merge-base [3ms]
2024-11-14 17:46:22.968 [warning] [Git][config] git config failed: Failed to execute git
2024-11-14 17:46:23.003 [info] > git reflog main --grep-reflog=branch: Created from *. [29ms]
2024-11-14 17:46:23.021 [info] > git symbolic-ref --short refs/remotes/origin/HEAD [13ms]
2024-11-14 17:46:23.028 [info] > git for-each-ref --format=%(refname)%00%(upstream:short)%00%(objectname)%00%(upstream:track)%00%(upstream:remotename)%00%(upstream:remoteref) refs/heads/main refs/remotes/main [25ms]
2024-11-14 17:46:23.035 [warning] [Git][revParse] Unable to read file: ENOENT: no such file or directory, open '/home/r3z/.dotfiles/.git/refs/remotes/origin/main'
2024-11-14 17:46:23.035 [info] > git for-each-ref --format=%(refname)%00%(upstream:short)%00%(objectname)%00%(upstream:track)%00%(upstream:remotename)%00%(upstream:remoteref) refs/heads/origin/main refs/remotes/origin/main [7ms]
2024-11-14 17:46:23.051 [info] > git config --local branch.main.vscode-merge-base origin/main [9ms]
2024-11-14 17:46:23.051 [info] > git rev-parse refs/remotes/origin/main [17ms]
2024-11-14 17:46:23.066 [info] > git config --get commit.template [2ms]
2024-11-14 17:46:23.067 [info] > git for-each-ref --format=%(refname)%00%(upstream:short)%00%(objectname)%00%(upstream:track)%00%(upstream:remotename)%00%(upstream:remoteref) refs/heads/main refs/remotes/main [10ms]
2024-11-14 17:46:23.081 [info] > git config --local branch.main.vscode-merge-base [8ms]
2024-11-14 17:46:23.088 [info] > git for-each-ref --format=%(refname)%00%(upstream:short)%00%(objectname)%00%(upstream:track)%00%(upstream:remotename)%00%(upstream:remoteref) refs/heads/main refs/remotes/main [8ms]
2024-11-14 17:46:23.093 [warning] [Git][revParse] Unable to read file: ENOENT: no such file or directory, open '/home/r3z/.dotfiles/.git/refs/remotes/origin/main'
2024-11-14 17:46:23.094 [info] > git for-each-ref --format=%(refname)%00%(upstream:short)%00%(objectname)%00%(upstream:track)%00%(upstream:remotename)%00%(upstream:remoteref) refs/heads/origin/main refs/remotes/origin/main [7ms]
2024-11-14 17:46:23.101 [info] > git rev-parse refs/remotes/origin/main [8ms]
2024-11-14 17:46:23.114 [info] > git status -z -uall [8ms]
2024-11-14 17:46:23.115 [info] > git merge-base refs/heads/main refs/remotes/origin/main [15ms]
2024-11-14 17:46:23.121 [info] > git for-each-ref --sort -committerdate --format %(refname) %(objectname) %(*objectname) [8ms]
2024-11-14 17:46:23.139 [info] > git merge-base refs/heads/main refs/remotes/origin/main [8ms]
2024-11-14 17:46:23.146 [info] > git diff --name-status -z --diff-filter=ADMR d461305bd005bb01814f3ddde8856b381c8d313e...refs/remotes/origin/main [25ms]
2024-11-14 17:46:23.148 [info] > git merge-base refs/heads/main refs/remotes/origin/main [10ms]
2024-11-14 17:46:23.154 [info] > git diff --name-status -z --diff-filter=ADMR d461305bd005bb01814f3ddde8856b381c8d313e...refs/remotes/origin/main [8ms]
2024-11-14 17:46:23.155 [info] > git diff --name-status -z --diff-filter=ADMR d461305bd005bb01814f3ddde8856b381c8d313e...refs/remotes/origin/main [2ms]
2024-11-14 17:46:23.340 [info] > git check-ignore -v -z --stdin [2ms]
2024-11-14 17:46:24.154 [info] > git config --get commit.template [7ms]
2024-11-14 17:46:24.154 [info] > git for-each-ref --format=%(refname)%00%(upstream:short)%00%(objectname)%00%(upstream:track)%00%(upstream:remotename)%00%(upstream:remoteref) refs/heads/main refs/remotes/main [1ms]
2024-11-14 17:46:24.161 [warning] [Git][revParse] Unable to read file: ENOENT: no such file or directory, open '/home/r3z/.dotfiles/.git/refs/remotes/origin/main'
2024-11-14 17:46:24.162 [info] > git rev-parse refs/remotes/origin/main [1ms]
2024-11-14 17:46:24.173 [info] > git status -z -uall [6ms]
2024-11-14 17:46:24.174 [info] > git for-each-ref --sort -committerdate --format %(refname) %(objectname) %(*objectname) [1ms]
2024-11-14 17:46:24.325 [info] > git check-ignore -v -z --stdin [2ms]
2024-11-14 17:46:25.513 [info] > git check-ignore -v -z --stdin [2ms]
2024-11-14 17:46:27.964 [info] > git check-ignore -v -z --stdin [2ms]
2024-11-14 17:46:29.733 [info] > git check-ignore -v -z --stdin [2ms]
2024-11-14 17:46:30.310 [info] > git config --get commit.template [8ms]
2024-11-14 17:46:30.311 [info] > git for-each-ref --format=%(refname)%00%(upstream:short)%00%(objectname)%00%(upstream:track)%00%(upstream:remotename)%00%(upstream:remoteref) refs/heads/main refs/remotes/main [2ms]
2024-11-14 17:46:30.316 [warning] [Git][revParse] Unable to read file: ENOENT: no such file or directory, open '/home/r3z/.dotfiles/.git/refs/remotes/origin/main'
2024-11-14 17:46:30.317 [info] > git rev-parse refs/remotes/origin/main [1ms]
2024-11-14 17:46:30.328 [info] > git status -z -uall [6ms]
2024-11-14 17:46:30.329 [info] > git for-each-ref --sort -committerdate --format %(refname) %(objectname) %(*objectname) [1ms]
2024-11-14 17:46:32.728 [info] > git check-ignore -v -z --stdin [2ms]
2024-11-14 17:46:48.482 [info] > git check-ignore -v -z --stdin [2ms]
2024-11-14 17:46:49.058 [info] > git config --get commit.template [7ms]
2024-11-14 17:46:49.059 [info] > git for-each-ref --format=%(refname)%00%(upstream:short)%00%(objectname)%00%(upstream:track)%00%(upstream:remotename)%00%(upstream:remoteref) refs/heads/main refs/remotes/main [1ms]
2024-11-14 17:46:49.065 [warning] [Git][revParse] Unable to read file: ENOENT: no such file or directory, open '/home/r3z/.dotfiles/.git/refs/remotes/origin/main'
2024-11-14 17:46:49.066 [info] > git rev-parse refs/remotes/origin/main [1ms]
2024-11-14 17:46:49.079 [info] > git status -z -uall [8ms]
2024-11-14 17:46:49.080 [info] > git for-each-ref --sort -committerdate --format %(refname) %(objectname) %(*objectname) [2ms]
2024-11-14 17:46:53.960 [info] > git check-ignore -v -z --stdin [2ms]
2024-11-14 17:46:54.537 [info] > git config --get commit.template [8ms]
2024-11-14 17:46:54.537 [info] > git for-each-ref --format=%(refname)%00%(upstream:short)%00%(objectname)%00%(upstream:track)%00%(upstream:remotename)%00%(upstream:remoteref) refs/heads/main refs/remotes/main [1ms]
2024-11-14 17:46:54.543 [warning] [Git][revParse] Unable to read file: ENOENT: no such file or directory, open '/home/r3z/.dotfiles/.git/refs/remotes/origin/main'
2024-11-14 17:46:54.544 [info] > git rev-parse refs/remotes/origin/main [1ms]
2024-11-14 17:46:54.556 [info] > git status -z -uall [7ms]
2024-11-14 17:46:54.556 [info] > git for-each-ref --sort -committerdate --format %(refname) %(objectname) %(*objectname) [1ms]
2024-11-14 17:47:00.180 [info] > git check-ignore -v -z --stdin [1ms]
2024-11-14 17:47:00.760 [info] > git config --get commit.template [9ms]
2024-11-14 17:47:00.761 [info] > git for-each-ref --format=%(refname)%00%(upstream:short)%00%(objectname)%00%(upstream:track)%00%(upstream:remotename)%00%(upstream:remoteref) refs/heads/main refs/remotes/main [2ms]
2024-11-14 17:47:00.767 [warning] [Git][revParse] Unable to read file: ENOENT: no such file or directory, open '/home/r3z/.dotfiles/.git/refs/remotes/origin/main'
2024-11-14 17:47:00.768 [info] > git rev-parse refs/remotes/origin/main [1ms]
2024-11-14 17:47:00.779 [info] > git status -z -uall [6ms]
2024-11-14 17:47:00.780 [info] > git for-each-ref --sort -committerdate --format %(refname) %(objectname) %(*objectname) [1ms]
2024-11-14 17:47:03.551 [info] > git show --textconv :users/apps/terminal/sh.nix [8ms]
2024-11-14 17:47:03.552 [info] > git ls-files --stage -- /home/r3z/.dotfiles/users/apps/terminal/sh.nix [1ms]
2024-11-14 17:47:21.033 [info] > git check-ignore -v -z --stdin [2ms]
2024-11-14 17:47:21.603 [info] > git config --get commit.template [2ms]
2024-11-14 17:47:21.612 [info] > git for-each-ref --format=%(refname)%00%(upstream:short)%00%(objectname)%00%(upstream:track)%00%(upstream:remotename)%00%(upstream:remoteref) refs/heads/main refs/remotes/main [1ms]
2024-11-14 17:47:21.618 [warning] [Git][revParse] Unable to read file: ENOENT: no such file or directory, open '/home/r3z/.dotfiles/.git/refs/remotes/origin/main'
2024-11-14 17:47:21.619 [info] > git rev-parse refs/remotes/origin/main [1ms]
2024-11-14 17:47:21.633 [info] > git status -z -uall [8ms]
2024-11-14 17:47:21.634 [info] > git for-each-ref --sort -committerdate --format %(refname) %(objectname) %(*objectname) [1ms]
2024-11-14 17:47:31.981 [info] > git check-ignore -v -z --stdin [1ms]
2024-11-14 17:47:32.560 [info] > git config --get commit.template [8ms]
2024-11-14 17:47:32.561 [info] > git for-each-ref --format=%(refname)%00%(upstream:short)%00%(objectname)%00%(upstream:track)%00%(upstream:remotename)%00%(upstream:remoteref) refs/heads/main refs/remotes/main [2ms]
2024-11-14 17:47:32.566 [warning] [Git][revParse] Unable to read file: ENOENT: no such file or directory, open '/home/r3z/.dotfiles/.git/refs/remotes/origin/main'
2024-11-14 17:47:32.567 [info] > git rev-parse refs/remotes/origin/main [1ms]
2024-11-14 17:47:32.577 [info] > git status -z -uall [6ms]
2024-11-14 17:47:32.578 [info] > git for-each-ref --sort -committerdate --format %(refname) %(objectname) %(*objectname) [1ms]
2024-11-14 17:47:37.259 [info] > git check-ignore -v -z --stdin [2ms]
2024-11-14 17:47:37.808 [info] > git config --get commit.template [8ms]
2024-11-14 17:47:37.808 [info] > git for-each-ref --format=%(refname)%00%(upstream:short)%00%(objectname)%00%(upstream:track)%00%(upstream:remotename)%00%(upstream:remoteref) refs/heads/main refs/remotes/main [1ms]
2024-11-14 17:47:37.814 [warning] [Git][revParse] Unable to read file: ENOENT: no such file or directory, open '/home/r3z/.dotfiles/.git/refs/remotes/origin/main'
2024-11-14 17:47:37.815 [info] > git rev-parse refs/remotes/origin/main [1ms]
2024-11-14 17:47:37.828 [info] > git status -z -uall [8ms]
2024-11-14 17:47:37.829 [info] > git for-each-ref --sort -committerdate --format %(refname) %(objectname) %(*objectname) [2ms]
2024-11-14 17:47:41.580 [info] > git show --textconv :users/apps/burpsuite/burp.nix [6ms]
2024-11-14 17:47:41.581 [info] > git ls-files --stage -- /home/r3z/.dotfiles/users/apps/burpsuite/burp.nix [2ms]
2024-11-14 17:47:58.849 [info] > git config --get commit.template [8ms]
2024-11-14 17:47:58.849 [info] > git for-each-ref --format=%(refname)%00%(upstream:short)%00%(objectname)%00%(upstream:track)%00%(upstream:remotename)%00%(upstream:remoteref) refs/heads/main refs/remotes/main [1ms]
2024-11-14 17:47:58.855 [warning] [Git][revParse] Unable to read file: ENOENT: no such file or directory, open '/home/r3z/.dotfiles/.git/refs/remotes/origin/main'
2024-11-14 17:47:58.856 [info] > git rev-parse refs/remotes/origin/main [1ms]
2024-11-14 17:47:58.867 [info] > git status -z -uall [6ms]
2024-11-14 17:47:58.868 [info] > git for-each-ref --sort -committerdate --format %(refname) %(objectname) %(*objectname) [1ms]
