2024-11-14 17:42:24.920 [info] Reading sessions from keychain...
2024-11-14 17:42:24.920 [info] Getting sessions for all scopes...
2024-11-14 17:42:24.920 [info] Getting sessions for all scopes...
2024-11-14 17:42:24.920 [info] Getting sessions for all scopes...
2024-11-14 17:42:24.920 [info] Got 0 sessions for ...
2024-11-14 17:42:24.920 [info] Got 0 sessions for ...
2024-11-14 17:42:24.920 [info] Got 0 sessions for ...
2024-11-14 17:42:24.920 [info] Getting sessions for read:user,repo,user:email,workflow...
2024-11-14 17:42:24.920 [info] Got 0 sessions for read:user,repo,user:email,workflow...
2024-11-14 17:42:26.378 [info] Getting sessions for all scopes...
2024-11-14 17:42:26.378 [info] Got 0 sessions for ...
2024-11-14 17:42:32.490 [info] Reading sessions from keychain...
2024-11-14 17:42:32.490 [info] Getting sessions for all scopes...
2024-11-14 17:42:32.490 [info] Got 0 sessions for ...
2024-11-14 17:42:32.490 [info] Getting sessions for all scopes...
2024-11-14 17:42:32.490 [info] Got 0 sessions for ...
2024-11-14 17:42:32.490 [info] Getting sessions for all scopes...
2024-11-14 17:42:32.490 [info] Got 0 sessions for ...
2024-11-14 17:42:32.817 [info] Getting sessions for read:user,repo,user:email,workflow...
2024-11-14 17:42:32.817 [info] Got 0 sessions for read:user,repo,user:email,workflow...
