2024-11-14 17:43:02.439 [info] [main] Log level: Info
2024-11-14 17:43:02.439 [info] [main] Validating found git in: "git"
2024-11-14 17:43:02.439 [info] [main] Using git "2.47.0" from "git"
2024-11-14 17:43:02.439 [info] [Model][doInitialScan] Initial repository scan started
2024-11-14 17:43:02.439 [info] > git rev-parse --show-toplevel [2ms]
2024-11-14 17:43:02.439 [info] > git rev-parse --git-dir --git-common-dir [103ms]
2024-11-14 17:43:02.439 [info] [Model][openRepository] Opened repository: /home/r3z/.dotfiles
2024-11-14 17:43:02.440 [info] > git rev-parse --show-toplevel [7ms]
2024-11-14 17:43:02.441 [info] > git config --get commit.template [13ms]
2024-11-14 17:43:02.472 [info] > git for-each-ref --format=%(refname)%00%(upstream:short)%00%(objectname)%00%(upstream:track)%00%(upstream:remotename)%00%(upstream:remoteref) refs/heads/main refs/remotes/main [15ms]
2024-11-14 17:43:02.472 [info] > git rev-parse --show-toplevel [22ms]
2024-11-14 17:43:02.484 [info] > git rev-parse --show-toplevel [2ms]
2024-11-14 17:43:02.520 [info] > git status -z -uall [15ms]
2024-11-14 17:43:02.520 [info] > git for-each-ref --sort -committerdate --format %(refname) %(objectname) %(*objectname) [6ms]
2024-11-14 17:43:02.532 [info] > git rev-parse --show-toplevel [38ms]
2024-11-14 17:43:02.550 [info] > git for-each-ref --format=%(refname)%00%(upstream:short)%00%(objectname)%00%(upstream:track)%00%(upstream:remotename)%00%(upstream:remoteref) refs/heads/main refs/remotes/main [20ms]
2024-11-14 17:43:02.558 [info] > git config --local branch.main.vscode-merge-base [2ms]
2024-11-14 17:43:02.558 [warning] [Git][config] git config failed: Failed to execute git
2024-11-14 17:43:02.565 [info] > git rev-parse --show-toplevel [16ms]
2024-11-14 17:43:02.567 [info] [Model][doInitialScan] Initial repository scan completed - repositories (1), closed repositories (0), parent repositories (0), unsafe repositories (0)
2024-11-14 17:43:02.567 [info] > git config --get commit.template [26ms]
2024-11-14 17:43:02.598 [info] > git reflog main --grep-reflog=branch: Created from *. [32ms]
2024-11-14 17:43:02.619 [info] > git symbolic-ref --short refs/remotes/origin/HEAD [16ms]
2024-11-14 17:43:02.619 [info] fatal: ref refs/remotes/origin/HEAD is not a symbolic ref
2024-11-14 17:43:02.619 [warning] [Repository][getDefaultBranch] Failed to get default branch details: Failed to execute git.
2024-11-14 17:43:02.633 [info] > git for-each-ref --format=%(refname)%00%(upstream:short)%00%(objectname)%00%(upstream:track)%00%(upstream:remotename)%00%(upstream:remoteref) refs/heads/main refs/remotes/main [36ms]
2024-11-14 17:43:02.635 [info] > git merge-base refs/heads/main refs/remotes/origin/main [9ms]
2024-11-14 17:43:02.657 [info] > git status -z -uall [7ms]
2024-11-14 17:43:02.658 [info] > git diff --name-status -z --diff-filter=ADMR d461305bd005bb01814f3ddde8856b381c8d313e...refs/remotes/origin/main [16ms]
2024-11-14 17:43:02.658 [info] > git for-each-ref --sort -committerdate --format %(refname) %(objectname) %(*objectname) [2ms]
2024-11-14 17:43:02.855 [info] > git show --textconv :home/vscode.nix [8ms]
2024-11-14 17:43:02.856 [info] > git ls-files --stage -- /home/r3z/.dotfiles/home/vscode.nix [2ms]
2024-11-14 17:43:02.862 [info] > git cat-file -s 2da9db6ee6710157dd843aa925d576f6d2bc8da2 [1ms]
2024-11-14 17:43:02.889 [info] > git check-ignore -v -z --stdin [1ms]
2024-11-14 17:43:05.592 [info] > git show --textconv :home/burp.nix [7ms]
2024-11-14 17:43:05.593 [info] > git ls-files --stage -- /home/r3z/.dotfiles/home/burp.nix [1ms]
2024-11-14 17:43:05.599 [info] > git cat-file -s 9c11818c9906d9d5a8312980612f1bd0ed0b04d6 [1ms]
2024-11-14 17:43:06.512 [info] > git show --textconv :home/vscode.nix [7ms]
2024-11-14 17:43:06.512 [info] > git ls-files --stage -- /home/r3z/.dotfiles/home/vscode.nix [1ms]
2024-11-14 17:43:06.519 [info] > git cat-file -s 2da9db6ee6710157dd843aa925d576f6d2bc8da2 [1ms]
2024-11-14 17:43:07.414 [info] > git show --textconv :home/burp.nix [7ms]
2024-11-14 17:43:07.414 [info] > git ls-files --stage -- /home/r3z/.dotfiles/home/burp.nix [1ms]
2024-11-14 17:43:07.421 [info] > git cat-file -s 9c11818c9906d9d5a8312980612f1bd0ed0b04d6 [2ms]
2024-11-14 17:43:22.052 [info] > git show --textconv :home/vscode.nix [6ms]
2024-11-14 17:43:22.053 [info] > git ls-files --stage -- /home/r3z/.dotfiles/home/vscode.nix [1ms]
2024-11-14 17:43:22.059 [info] > git cat-file -s 2da9db6ee6710157dd843aa925d576f6d2bc8da2 [1ms]
2024-11-14 17:43:26.577 [info] > git check-ignore -v -z --stdin [1ms]
2024-11-14 17:43:28.229 [info] > git check-ignore -v -z --stdin [2ms]
2024-11-14 17:43:49.566 [info] > git check-ignore -v -z --stdin [2ms]
2024-11-14 17:43:50.131 [info] > git config --get commit.template [7ms]
2024-11-14 17:43:50.132 [info] > git for-each-ref --format=%(refname)%00%(upstream:short)%00%(objectname)%00%(upstream:track)%00%(upstream:remotename)%00%(upstream:remoteref) refs/heads/main refs/remotes/main [1ms]
2024-11-14 17:43:50.144 [info] > git status -z -uall [6ms]
2024-11-14 17:43:50.145 [info] > git for-each-ref --sort -committerdate --format %(refname) %(objectname) %(*objectname) [2ms]
2024-11-14 17:43:51.235 [info] > git check-ignore -v -z --stdin [1ms]
2024-11-14 17:44:02.198 [info] > git show --textconv :users/vscode.nix [9ms]
2024-11-14 17:44:02.198 [info] > git ls-files --stage -- /home/r3z/.dotfiles/users/vscode.nix [1ms]
2024-11-14 17:44:02.526 [info] > git check-ignore -v -z --stdin [2ms]
2024-11-14 17:44:03.035 [info] > git config --get commit.template [8ms]
2024-11-14 17:44:03.036 [info] > git for-each-ref --format=%(refname)%00%(upstream:short)%00%(objectname)%00%(upstream:track)%00%(upstream:remotename)%00%(upstream:remoteref) refs/heads/main refs/remotes/main [1ms]
2024-11-14 17:44:03.048 [info] > git status -z -uall [7ms]
2024-11-14 17:44:03.049 [info] > git for-each-ref --sort -committerdate --format %(refname) %(objectname) %(*objectname) [2ms]
2024-11-14 17:44:19.537 [info] > git config --get commit.template [9ms]
2024-11-14 17:44:19.538 [info] > git for-each-ref --format=%(refname)%00%(upstream:short)%00%(objectname)%00%(upstream:track)%00%(upstream:remotename)%00%(upstream:remoteref) refs/heads/main refs/remotes/main [2ms]
2024-11-14 17:44:19.550 [info] > git status -z -uall [6ms]
2024-11-14 17:44:19.551 [info] > git for-each-ref --sort -committerdate --format %(refname) %(objectname) %(*objectname) [1ms]
