2024-11-14 19:26:34.059 [info] [main] Log level: Info
2024-11-14 19:26:34.059 [info] [main] Validating found git in: "git"
2024-11-14 19:26:34.059 [info] [main] Using git "2.47.0" from "git"
2024-11-14 19:26:34.059 [info] [Model][doInitialScan] Initial repository scan started
2024-11-14 19:26:34.059 [info] > git rev-parse --show-toplevel [3ms]
2024-11-14 19:26:34.059 [info] > git rev-parse --git-dir --git-common-dir [5ms]
2024-11-14 19:26:34.059 [info] [Model][openRepository] Opened repository: /home/r3z/.dotfiles
2024-11-14 19:26:34.078 [info] > git rev-parse --show-toplevel [3ms]
2024-11-14 19:26:34.078 [info] > git config --get commit.template [12ms]
2024-11-14 19:26:34.099 [info] > git rev-parse --show-toplevel [11ms]
2024-11-14 19:26:34.107 [info] > git for-each-ref --format=%(refname)%00%(upstream:short)%00%(objectname)%00%(upstream:track)%00%(upstream:remotename)%00%(upstream:remoteref) refs/heads/main refs/remotes/main [10ms]
2024-11-14 19:26:34.127 [info] > git status -z -uall [11ms]
2024-11-14 19:26:34.128 [info] > git rev-parse --show-toplevel [22ms]
2024-11-14 19:26:34.130 [info] [Model][doInitialScan] Initial repository scan completed - repositories (1), closed repositories (0), parent repositories (0), unsafe repositories (0)
2024-11-14 19:26:34.130 [info] > git for-each-ref --sort -committerdate --format %(refname) %(objectname) %(*objectname) [4ms]
2024-11-14 19:26:34.159 [info] > git for-each-ref --format=%(refname)%00%(upstream:short)%00%(objectname)%00%(upstream:track)%00%(upstream:remotename)%00%(upstream:remoteref) refs/heads/main refs/remotes/main [16ms]
2024-11-14 19:26:34.176 [info] > git config --local branch.main.vscode-merge-base [10ms]
2024-11-14 19:26:34.185 [info] > git config --get commit.template [28ms]
2024-11-14 19:26:34.186 [info] > git for-each-ref --format=%(refname)%00%(upstream:short)%00%(objectname)%00%(upstream:track)%00%(upstream:remotename)%00%(upstream:remoteref) refs/heads/origin/main refs/remotes/origin/main [2ms]
2024-11-14 19:26:34.225 [info] > git merge-base refs/heads/main refs/remotes/origin/main [31ms]
2024-11-14 19:26:34.246 [info] > git diff --name-status -z --diff-filter=ADMR a375d799229789ff85a37352878a7bd0f221dde1...refs/remotes/origin/main [14ms]
2024-11-14 19:26:34.247 [info] > git for-each-ref --format=%(refname)%00%(upstream:short)%00%(objectname)%00%(upstream:track)%00%(upstream:remotename)%00%(upstream:remoteref) refs/heads/main refs/remotes/main [23ms]
2024-11-14 19:26:34.261 [info] > git status -z -uall [7ms]
2024-11-14 19:26:34.262 [info] > git for-each-ref --sort -committerdate --format %(refname) %(objectname) %(*objectname) [2ms]
2024-11-14 19:26:34.585 [info] > git show --textconv :configuration.nix [8ms]
2024-11-14 19:26:34.586 [info] > git ls-files --stage -- /home/r3z/.dotfiles/configuration.nix [1ms]
2024-11-14 19:26:34.599 [info] > git cat-file -s 4c1d7c728ff4f7937029cdfd22f0d9b7e0adcf61 [7ms]
2024-11-14 19:26:34.599 [info] > git check-ignore -v -z --stdin [1ms]
2024-11-14 19:37:15.404 [info] > git check-ignore -v -z --stdin [2ms]
2024-11-14 19:37:19.393 [info] > git show --textconv :users/default.nix [7ms]
2024-11-14 19:37:19.394 [info] > git ls-files --stage -- /home/r3z/.dotfiles/users/default.nix [1ms]
2024-11-14 19:37:19.401 [info] > git cat-file -s a60a8d152ac19cb6476425f93dcba6c54c91ce78 [2ms]
2024-11-14 19:37:22.446 [info] > git show --textconv :users/file.nix [8ms]
2024-11-14 19:37:22.447 [info] > git ls-files --stage -- /home/r3z/.dotfiles/users/file.nix [2ms]
2024-11-14 19:37:22.453 [info] > git cat-file -s 98c4f1629c3f1021a9490e189abbb9b3c1881d46 [1ms]
2024-11-14 19:37:50.588 [info] > git check-ignore -v -z --stdin [1ms]
2024-11-14 19:37:51.168 [info] > git config --get commit.template [7ms]
2024-11-14 19:37:51.168 [info] > git for-each-ref --format=%(refname)%00%(upstream:short)%00%(objectname)%00%(upstream:track)%00%(upstream:remotename)%00%(upstream:remoteref) refs/heads/main refs/remotes/main [1ms]
2024-11-14 19:37:51.181 [info] > git status -z -uall [6ms]
2024-11-14 19:37:51.182 [info] > git for-each-ref --sort -committerdate --format %(refname) %(objectname) %(*objectname) [1ms]
2024-11-14 19:37:55.596 [info] > git check-ignore -v -z --stdin [2ms]
2024-11-14 19:37:56.202 [info] > git config --get commit.template [8ms]
2024-11-14 19:37:56.202 [info] > git for-each-ref --format=%(refname)%00%(upstream:short)%00%(objectname)%00%(upstream:track)%00%(upstream:remotename)%00%(upstream:remoteref) refs/heads/main refs/remotes/main [1ms]
2024-11-14 19:37:56.216 [info] > git status -z -uall [7ms]
2024-11-14 19:37:56.217 [info] > git for-each-ref --sort -committerdate --format %(refname) %(objectname) %(*objectname) [2ms]
2024-11-14 19:38:15.131 [info] > git config --get commit.template [8ms]
2024-11-14 19:38:15.133 [info] > git for-each-ref --format=%(refname)%00%(upstream:short)%00%(objectname)%00%(upstream:track)%00%(upstream:remotename)%00%(upstream:remoteref) refs/heads/main refs/remotes/main [3ms]
2024-11-14 19:38:15.148 [info] > git status -z -uall [7ms]
2024-11-14 19:38:15.149 [info] > git for-each-ref --sort -committerdate --format %(refname) %(objectname) %(*objectname) [2ms]
2024-11-14 19:43:08.435 [info] > git config --get commit.template [9ms]
2024-11-14 19:43:08.437 [info] > git for-each-ref --format=%(refname)%00%(upstream:short)%00%(objectname)%00%(upstream:track)%00%(upstream:remotename)%00%(upstream:remoteref) refs/heads/main refs/remotes/main [1ms]
2024-11-14 19:43:08.455 [info] > git status -z -uall [10ms]
2024-11-14 19:43:08.457 [info] > git for-each-ref --sort -committerdate --format %(refname) %(objectname) %(*objectname) [2ms]
2024-11-14 19:43:10.503 [info] > git show --textconv :users/default.nix [7ms]
2024-11-14 19:43:10.503 [info] > git ls-files --stage -- /home/r3z/.dotfiles/users/default.nix [1ms]
2024-11-14 19:43:10.512 [info] > git cat-file -s a60a8d152ac19cb6476425f93dcba6c54c91ce78 [1ms]
2024-11-14 19:43:11.875 [info] > git show --textconv :users/file.nix [9ms]
2024-11-14 19:43:11.876 [info] > git ls-files --stage -- /home/r3z/.dotfiles/users/file.nix [1ms]
2024-11-14 19:43:11.883 [info] > git cat-file -s 98c4f1629c3f1021a9490e189abbb9b3c1881d46 [1ms]
2024-11-14 19:43:13.477 [info] > git config --get commit.template [9ms]
2024-11-14 19:43:13.478 [info] > git for-each-ref --format=%(refname)%00%(upstream:short)%00%(objectname)%00%(upstream:track)%00%(upstream:remotename)%00%(upstream:remoteref) refs/heads/main refs/remotes/main [2ms]
2024-11-14 19:43:13.496 [info] > git status -z -uall [9ms]
2024-11-14 19:43:13.497 [info] > git for-each-ref --sort -committerdate --format %(refname) %(objectname) %(*objectname) [2ms]
2024-11-14 19:43:18.521 [info] > git config --get commit.template [9ms]
2024-11-14 19:43:18.522 [info] > git for-each-ref --format=%(refname)%00%(upstream:short)%00%(objectname)%00%(upstream:track)%00%(upstream:remotename)%00%(upstream:remoteref) refs/heads/main refs/remotes/main [2ms]
2024-11-14 19:43:18.537 [info] > git status -z -uall [9ms]
2024-11-14 19:43:18.538 [info] > git for-each-ref --sort -committerdate --format %(refname) %(objectname) %(*objectname) [2ms]
