2024-11-14 17:38:34.321 [error] [uncaught exception in sharedProcess]: Error: ENOENT: no such file or directory, stat '/home/r3z/.vscode/extensions/extensions.json.vsctmp': EntryNotFound (FileSystemError): Error: ENOENT: no such file or directory, stat '/home/r3z/.vscode/extensions/extensions.json.vsctmp'
    at hm.create (file:///nix/store/fya3nn0jaxq7y8klzzwpi0wwjmr7yk0y-vscode-1.95.2/lib/vscode/resources/app/out/vs/code/electron-utility/sharedProcess/sharedProcessMain.js:35:39254)
    at Es (file:///nix/store/fya3nn0jaxq7y8klzzwpi0wwjmr7yk0y-vscode-1.95.2/lib/vscode/resources/app/out/vs/code/electron-utility/sharedProcess/sharedProcessMain.js:35:39361)
    at Fr.ib (file:///nix/store/fya3nn0jaxq7y8klzzwpi0wwjmr7yk0y-vscode-1.95.2/lib/vscode/resources/app/out/vs/code/electron-utility/sharedProcess/sharedProcessMain.js:71:22677)
    at Fr.stat (file:///nix/store/fya3nn0jaxq7y8klzzwpi0wwjmr7yk0y-vscode-1.95.2/lib/vscode/resources/app/out/vs/code/electron-utility/sharedProcess/sharedProcessMain.js:71:16010)
    at async Zl.stat (file:///nix/store/fya3nn0jaxq7y8klzzwpi0wwjmr7yk0y-vscode-1.95.2/lib/vscode/resources/app/out/vs/code/electron-utility/sharedProcess/sharedProcessMain.js:70:84491)
    at async Jl.yb (file:///nix/store/fya3nn0jaxq7y8klzzwpi0wwjmr7yk0y-vscode-1.95.2/lib/vscode/resources/app/out/vs/code/electron-utility/sharedProcess/sharedProcessMain.js:70:66605)
2024-11-14 17:38:34.643 [error] [uncaught exception in sharedProcess]: Error: ENOENT: no such file or directory, stat '/home/r3z/.vscode/extensions/extensions.json.vsctmp': EntryNotFound (FileSystemError): Error: ENOENT: no such file or directory, stat '/home/r3z/.vscode/extensions/extensions.json.vsctmp'
    at hm.create (file:///nix/store/fya3nn0jaxq7y8klzzwpi0wwjmr7yk0y-vscode-1.95.2/lib/vscode/resources/app/out/vs/code/electron-utility/sharedProcess/sharedProcessMain.js:35:39254)
    at Es (file:///nix/store/fya3nn0jaxq7y8klzzwpi0wwjmr7yk0y-vscode-1.95.2/lib/vscode/resources/app/out/vs/code/electron-utility/sharedProcess/sharedProcessMain.js:35:39361)
    at Fr.ib (file:///nix/store/fya3nn0jaxq7y8klzzwpi0wwjmr7yk0y-vscode-1.95.2/lib/vscode/resources/app/out/vs/code/electron-utility/sharedProcess/sharedProcessMain.js:71:22677)
    at Fr.stat (file:///nix/store/fya3nn0jaxq7y8klzzwpi0wwjmr7yk0y-vscode-1.95.2/lib/vscode/resources/app/out/vs/code/electron-utility/sharedProcess/sharedProcessMain.js:71:16010)
    at async Zl.stat (file:///nix/store/fya3nn0jaxq7y8klzzwpi0wwjmr7yk0y-vscode-1.95.2/lib/vscode/resources/app/out/vs/code/electron-utility/sharedProcess/sharedProcessMain.js:70:84491)
    at async Jl.yb (file:///nix/store/fya3nn0jaxq7y8klzzwpi0wwjmr7yk0y-vscode-1.95.2/lib/vscode/resources/app/out/vs/code/electron-utility/sharedProcess/sharedProcessMain.js:70:66605)
2024-11-14 17:38:35.587 [info] Getting Manifest... vscodevim.vim
2024-11-14 17:38:35.986 [info] Installing extension: vscodevim.vim {"productVersion":{"version":"1.95.2","date":"2024-11-07T11:07:22.054Z"},"pinned":false,"operation":3,"isApplicationScoped":false,"profileLocation":{"$mid":1,"external":"vscode-userdata:/home/r3z/.vscode/extensions/extensions.json","path":"/home/r3z/.vscode/extensions/extensions.json","scheme":"vscode-userdata"},"installOnlyNewlyAddedFromExtensionPack":true}
2024-11-14 17:38:36.680 [info] Extension signature verification result for vscodevim.vim: UnknownError. Executed: true. Duration: 10ms.
2024-11-14 17:38:36.711 [info] Extracted extension to file:///home/r3z/.vscode/extensions/vscodevim.vim-1.28.1: vscodevim.vim
2024-11-14 17:38:36.714 [info] Renamed to /home/r3z/.vscode/extensions/vscodevim.vim-1.28.1
2024-11-14 17:38:36.721 [info] Marked extension as uninstalled vscodevim.vim-1.26.1
2024-11-14 17:38:36.723 [info] Extension installed successfully: vscodevim.vim vscode-userdata:/home/r3z/.vscode/extensions/extensions.json
2024-11-14 17:38:36.795 [error] [uncaught exception in sharedProcess]: Error: ENOENT: no such file or directory, stat '/home/r3z/.vscode/extensions/extensions.json.vsctmp': EntryNotFound (FileSystemError): Error: ENOENT: no such file or directory, stat '/home/r3z/.vscode/extensions/extensions.json.vsctmp'
    at hm.create (file:///nix/store/fya3nn0jaxq7y8klzzwpi0wwjmr7yk0y-vscode-1.95.2/lib/vscode/resources/app/out/vs/code/electron-utility/sharedProcess/sharedProcessMain.js:35:39254)
    at Es (file:///nix/store/fya3nn0jaxq7y8klzzwpi0wwjmr7yk0y-vscode-1.95.2/lib/vscode/resources/app/out/vs/code/electron-utility/sharedProcess/sharedProcessMain.js:35:39361)
    at Fr.ib (file:///nix/store/fya3nn0jaxq7y8klzzwpi0wwjmr7yk0y-vscode-1.95.2/lib/vscode/resources/app/out/vs/code/electron-utility/sharedProcess/sharedProcessMain.js:71:22677)
    at Fr.stat (file:///nix/store/fya3nn0jaxq7y8klzzwpi0wwjmr7yk0y-vscode-1.95.2/lib/vscode/resources/app/out/vs/code/electron-utility/sharedProcess/sharedProcessMain.js:71:16010)
    at async Zl.stat (file:///nix/store/fya3nn0jaxq7y8klzzwpi0wwjmr7yk0y-vscode-1.95.2/lib/vscode/resources/app/out/vs/code/electron-utility/sharedProcess/sharedProcessMain.js:70:84491)
    at async Jl.yb (file:///nix/store/fya3nn0jaxq7y8klzzwpi0wwjmr7yk0y-vscode-1.95.2/lib/vscode/resources/app/out/vs/code/electron-utility/sharedProcess/sharedProcessMain.js:70:66605)
