2024-11-14 17:51:25.954 [info] Added views:outline in workbench.view.explorer
2024-11-14 17:51:25.954 [info] Added views:workbench.view.search in workbench.view.search
2024-11-14 17:51:25.954 [info] Added views:workbench.scm in workbench.view.scm
2024-11-14 17:51:25.954 [info] Added views:workbench.panel.markers.view in workbench.panel.markers
2024-11-14 17:51:25.954 [info] Added views:workbench.panel.output in workbench.panel.output
2024-11-14 17:51:25.954 [info] Added views:terminal in terminal
2024-11-14 17:51:25.954 [info] Added views:timeline in workbench.view.explorer
2024-11-14 17:51:25.954 [info] Added views:workbench.explorer.fileView in workbench.view.explorer
2024-11-14 17:51:26.114 [info] Added views:workbench.debug.welcome in workbench.view.debug
2024-11-14 17:51:26.814 [info] Added views:~remote.forwardedPorts in ~remote.forwardedPortsContainer
2024-11-14 17:51:29.447 [info] Added views:workbench.views.extensions.installed,workbench.views.extensions.popular,extensions.recommendedList in workbench.view.extensions
2024-11-14 17:51:29.449 [info] Removed views:workbench.views.extensions.popular from workbench.view.extensions
2024-11-14 17:51:33.141 [info] Removed views:extensions.recommendedList,workbench.views.extensions.installed from workbench.view.extensions
2024-11-14 17:51:33.147 [info] Added views:workbench.views.extensions.marketplace in workbench.view.extensions
2024-11-14 17:51:48.935 [info] Added views:outline in workbench.view.explorer
2024-11-14 17:51:48.936 [info] Added views:workbench.view.search in workbench.view.search
2024-11-14 17:51:48.936 [info] Added views:workbench.scm in workbench.view.scm
2024-11-14 17:51:48.936 [info] Added views:workbench.panel.markers.view in workbench.panel.markers
2024-11-14 17:51:48.936 [info] Added views:workbench.panel.output in workbench.panel.output
2024-11-14 17:51:48.936 [info] Added views:terminal in terminal
2024-11-14 17:51:48.936 [info] Added views:timeline in workbench.view.explorer
2024-11-14 17:51:48.936 [info] Added views:workbench.explorer.fileView in workbench.view.explorer
2024-11-14 17:51:48.971 [info] Added views:workbench.debug.welcome in workbench.view.debug
2024-11-14 17:51:49.531 [info] Added views:workbench.panel.repl.view in workbench.panel.repl
2024-11-14 17:51:49.784 [info] Added views:~remote.forwardedPorts in ~remote.forwardedPortsContainer
2024-11-14 17:51:49.938 [info] Added views:workbench.scm.history in workbench.view.scm
2024-11-14 17:52:42.256 [info] Removed views:workbench.scm.history from workbench.view.scm
