2024-11-14 19:25:27.445 [info] [main] Log level: Info
2024-11-14 19:25:27.445 [info] [main] Validating found git in: "git"
2024-11-14 19:25:27.445 [info] [main] Using git "2.47.0" from "git"
2024-11-14 19:25:27.445 [info] [Model][doInitialScan] Initial repository scan started
2024-11-14 19:25:27.445 [info] > git rev-parse --show-toplevel [2ms]
2024-11-14 19:25:27.445 [info] > git rev-parse --git-dir --git-common-dir [5ms]
2024-11-14 19:25:27.445 [info] [Model][openRepository] Opened repository: /home/r3z/.dotfiles
2024-11-14 19:25:27.445 [info] > git rev-parse --show-toplevel [134ms]
2024-11-14 19:25:27.445 [info] > git config --get commit.template [142ms]
2024-11-14 19:25:27.445 [info] > git rev-parse --show-toplevel [26ms]
2024-11-14 19:25:27.456 [info] > git for-each-ref --format=%(refname)%00%(upstream:short)%00%(objectname)%00%(upstream:track)%00%(upstream:remotename)%00%(upstream:remoteref) refs/heads/main refs/remotes/main [25ms]
2024-11-14 19:25:27.459 [info] > git rev-parse --show-toplevel [7ms]
2024-11-14 19:25:27.461 [info] [Model][doInitialScan] Initial repository scan completed - repositories (1), closed repositories (0), parent repositories (0), unsafe repositories (0)
2024-11-14 19:25:27.479 [info] > git status -z -uall [9ms]
2024-11-14 19:25:27.480 [info] > git for-each-ref --sort -committerdate --format %(refname) %(objectname) %(*objectname) [2ms]
2024-11-14 19:25:27.501 [info] > git for-each-ref --format=%(refname)%00%(upstream:short)%00%(objectname)%00%(upstream:track)%00%(upstream:remotename)%00%(upstream:remoteref) refs/heads/main refs/remotes/main [11ms]
2024-11-14 19:25:27.509 [info] > git config --get commit.template [9ms]
2024-11-14 19:25:27.510 [info] > git config --local branch.main.vscode-merge-base [2ms]
2024-11-14 19:25:27.549 [info] > git for-each-ref --format=%(refname)%00%(upstream:short)%00%(objectname)%00%(upstream:track)%00%(upstream:remotename)%00%(upstream:remoteref) refs/heads/origin/main refs/remotes/origin/main [33ms]
2024-11-14 19:25:27.575 [info] > git merge-base refs/heads/main refs/remotes/origin/main [19ms]
2024-11-14 19:25:27.582 [info] > git for-each-ref --format=%(refname)%00%(upstream:short)%00%(objectname)%00%(upstream:track)%00%(upstream:remotename)%00%(upstream:remoteref) refs/heads/main refs/remotes/main [34ms]
2024-11-14 19:25:27.586 [info] > git diff --name-status -z --diff-filter=ADMR a375d799229789ff85a37352878a7bd0f221dde1...refs/remotes/origin/main [3ms]
2024-11-14 19:25:27.600 [info] > git status -z -uall [7ms]
2024-11-14 19:25:27.600 [info] > git for-each-ref --sort -committerdate --format %(refname) %(objectname) %(*objectname) [1ms]
2024-11-14 19:25:27.875 [info] > git check-ignore -v -z --stdin [2ms]
2024-11-14 19:25:32.368 [info] > git show --textconv :configuration.nix [10ms]
2024-11-14 19:25:32.369 [info] > git ls-files --stage -- /home/r3z/.dotfiles/configuration.nix [1ms]
2024-11-14 19:25:32.379 [info] > git cat-file -s 4c1d7c728ff4f7937029cdfd22f0d9b7e0adcf61 [1ms]
2024-11-14 19:25:38.311 [info] > git check-ignore -v -z --stdin [2ms]
2024-11-14 19:25:39.505 [info] > git check-ignore -v -z --stdin [2ms]
2024-11-14 19:26:20.921 [info] [main] Log level: Info
2024-11-14 19:26:20.921 [info] [main] Validating found git in: "git"
2024-11-14 19:26:20.921 [info] [main] Using git "2.47.0" from "git"
2024-11-14 19:26:20.921 [info] [Model][doInitialScan] Initial repository scan started
2024-11-14 19:26:20.921 [info] > git rev-parse --show-toplevel [4ms]
2024-11-14 19:26:20.943 [info] > git rev-parse --git-dir --git-common-dir [16ms]
2024-11-14 19:26:20.950 [info] [Model][openRepository] Opened repository: /home/r3z/.dotfiles
2024-11-14 19:26:21.011 [info] > git rev-parse --show-toplevel [11ms]
2024-11-14 19:26:21.011 [info] > git config --get commit.template [18ms]
2024-11-14 19:26:21.027 [info] > git rev-parse --show-toplevel [9ms]
2024-11-14 19:26:21.034 [info] > git for-each-ref --format=%(refname)%00%(upstream:short)%00%(objectname)%00%(upstream:track)%00%(upstream:remotename)%00%(upstream:remoteref) refs/heads/main refs/remotes/main [8ms]
2024-11-14 19:26:21.034 [info] > git rev-parse --show-toplevel [1ms]
2024-11-14 19:26:21.036 [info] [Model][doInitialScan] Initial repository scan completed - repositories (1), closed repositories (0), parent repositories (0), unsafe repositories (0)
2024-11-14 19:26:21.053 [info] > git status -z -uall [10ms]
2024-11-14 19:26:21.054 [info] > git for-each-ref --sort -committerdate --format %(refname) %(objectname) %(*objectname) [3ms]
2024-11-14 19:26:21.073 [info] > git for-each-ref --format=%(refname)%00%(upstream:short)%00%(objectname)%00%(upstream:track)%00%(upstream:remotename)%00%(upstream:remoteref) refs/heads/main refs/remotes/main [8ms]
2024-11-14 19:26:21.082 [info] > git config --local branch.main.vscode-merge-base [2ms]
2024-11-14 19:26:21.091 [info] > git config --get commit.template [17ms]
2024-11-14 19:26:21.098 [info] > git for-each-ref --format=%(refname)%00%(upstream:short)%00%(objectname)%00%(upstream:track)%00%(upstream:remotename)%00%(upstream:remoteref) refs/heads/origin/main refs/remotes/origin/main [8ms]
2024-11-14 19:26:21.111 [info] > git merge-base refs/heads/main refs/remotes/origin/main [7ms]
2024-11-14 19:26:21.118 [info] > git for-each-ref --format=%(refname)%00%(upstream:short)%00%(objectname)%00%(upstream:track)%00%(upstream:remotename)%00%(upstream:remoteref) refs/heads/main refs/remotes/main [20ms]
2024-11-14 19:26:21.130 [info] > git status -z -uall [6ms]
2024-11-14 19:26:21.130 [info] > git diff --name-status -z --diff-filter=ADMR a375d799229789ff85a37352878a7bd0f221dde1...refs/remotes/origin/main [13ms]
2024-11-14 19:26:21.131 [info] > git for-each-ref --sort -committerdate --format %(refname) %(objectname) %(*objectname) [2ms]
2024-11-14 19:26:21.520 [info] > git check-ignore -v -z --stdin [2ms]
2024-11-14 19:26:24.680 [info] > git check-ignore -v -z --stdin [3ms]
2024-11-14 19:26:27.128 [info] > git show --textconv :configuration.nix [9ms]
2024-11-14 19:26:27.129 [info] > git ls-files --stage -- /home/r3z/.dotfiles/configuration.nix [1ms]
2024-11-14 19:26:27.137 [info] > git cat-file -s 4c1d7c728ff4f7937029cdfd22f0d9b7e0adcf61 [2ms]
